<?xml version="1.0" encoding="UTF-8"?>
<!-- Generated by org.testng.reporters.JUnitReportReporter -->
<testsuite skipped="0" hostname="AUY-LT-157" name="Tests.NavigationBarTests" tests="1" failures="0" timestamp="17 jul 2018 17:35:47 GMT" time="0.233" errors="0">
  <testcase name="checkOptionsNavBar" time="0.233" classname="Tests.NavigationBarTests"/>
</testsuite> <!-- Tests.NavigationBarTests -->
