<?xml version="1.0" encoding="UTF-8"?>
<!-- Generated by org.testng.reporters.JUnitReportReporter -->
<testsuite skipped="0" hostname="AUY-LT-157" name="Tests.SearchTests" tests="1" failures="0" timestamp="17 jul 2018 19:05:44 GMT" time="1.284" errors="0">
  <testcase name="search" time="1.284" classname="Tests.SearchTests"/>
</testsuite> <!-- Tests.SearchTests -->
