<?xml version="1.0" encoding="UTF-8"?>
<!-- Generated by org.testng.reporters.JUnitReportReporter -->
<testsuite skipped="0" hostname="AUY-LT-157" name="Tests.LogInTest" tests="1" failures="0" timestamp="17 jul 2018 18:39:54 GMT" time="1.752" errors="0">
  <testcase name="signIn" time="1.752" classname="Tests.LogInTest"/>
</testsuite> <!-- Tests.LogInTest -->
