<?xml version="1.0" encoding="UTF-8"?>
<!-- Generated by org.testng.reporters.JUnitReportReporter -->
<testsuite skipped="0" hostname="AUY-LT-157" name="Tests.SendMessageTests" tests="2" failures="0" timestamp="19 jul 2018 14:41:16 GMT" time="3.148" errors="0">
  <testcase name="clickContactUs" time="1.439" classname="Tests.SendMessageTests"/>
  <testcase name="sendMessage" time="1.709" classname="Tests.SendMessageTests"/>
</testsuite> <!-- Tests.SendMessageTests -->
