<?xml version="1.0" encoding="UTF-8"?>
<!-- Generated by org.testng.reporters.JUnitReportReporter -->
<testsuite skipped="0" hostname="AUY-LT-157" name="Tests.SearchTests" tests="2" failures="0" timestamp="17 jul 2018 19:50:47 GMT" time="4.717" errors="0">
  <testcase name="searchValidString" time="1.705" classname="Tests.SearchTests"/>
  <testcase name="searchInvalidString" time="3.012" classname="Tests.SearchTests"/>
</testsuite> <!-- Tests.SearchTests -->
