<?xml version="1.0" encoding="UTF-8"?>
<!-- Generated by org.testng.reporters.JUnitReportReporter -->
<testsuite skipped="0" hostname="AUY-LT-157" name="Tests.LogInTest" tests="1" failures="0" timestamp="20 jul 2018 11:42:06 GMT" time="3.454" errors="0">
  <testcase name="signIn" time="3.454" classname="Tests.LogInTest"/>
</testsuite> <!-- Tests.LogInTest -->
