<?xml version="1.0" encoding="UTF-8"?>
<!-- Generated by org.testng.reporters.JUnitReportReporter -->
<testsuite skipped="0" hostname="AUY-LT-157" name="Tests.BuyShortTest" tests="6" failures="0" timestamp="20 jul 2018 19:23:25 GMT" time="12.048" errors="0">
  <testcase name="searchProduct" time="1.931" classname="Tests.BuyShortTest"/>
  <testcase name="addToCartCheckOut" time="3.095" classname="Tests.BuyShortTest"/>
  <testcase name="proceedFromCartSummary" time="2.283" classname="Tests.BuyShortTest"/>
  <testcase name="signIn" time="1.936" classname="Tests.BuyShortTest"/>
  <testcase name="addCommentAndProceed" time="1.453" classname="Tests.BuyShortTest"/>
  <testcase name="proceedFromShipping" time="1.350" classname="Tests.BuyShortTest"/>
</testsuite> <!-- Tests.BuyShortTest -->
